
81 40 4f 60 0b 43 00 5a 4e 57 42 6e 4e 
dd 00 0f 60 09 43 5c 18 0d 57 42 4a 0e 
dc 7f 10 60 09 43 5c 16 0e 57 42 4a 0f 
dc 7c 0f 60 09 44 5c 14 0d 57 42 4a 13 
dc 7d 10 60 09 43 5c 14 0e 57 42 
dc 79 0f 60 09 43 5c 12 0d 57 42 4a 21 
dc 7b 10 60 09 43 5c 15 0e 58 42 
dc 79 10 60 09 43 5c 14 0e 58 42 4a 36 
dc 7b 10 60 09 44 5c 19 0e 59 41 
dc 7c 10 60 09 44 5c 1c 0d 57 42 4a 4c 
dc 7e 10 60 09 43 5c 21 0e 59 42 
dc 7e 0f 60 09 44 5c 25 0e 58 42 4a 5e 
dc 7e 10 60 01 43 5c 29 0d 59 42 
dc 7e 10 60 09 43 5c 30 0e 58 42 4a 70 
dc 7d 10 60 09 44 5c 35 0e 59 42 
dc 7e 10 60 09 43 5c 3d 0e 59 42 4b 03 
dc 7f 11 60 09 43 5c 46 0f 5a 42 
dc 7f 10 60 09 43 5c 4e 0e 5a 42 4b 15 
dd 00 11 60 09 43 5c 56 0e 5b 42 
dd 00 10 60 09 43 5c 5e 0e 5a 42 4b 26 
dc 7e 10 60 09 43 5c 66 0f 5b 42 
dd 01 10 60 09 43 5c 72 0e 5b 42 4b 37 
dd 03 11 60 09 43 5c 7c 0f 5c 42 
dd 02 10 60 09 44 5d 03 0e 5b 42 4b 44 
dd 02 11 60 09 43 5d 0b 0e 5c 42 
dd 02 10 60 09 43 5d 14 0e 5b 42 4b 51 
dd 03 11 60 09 43 5d 1e 0e 5c 42 
dd 02 10 60 09 43 5d 29 0e 5b 42 4b 5c 
dd 02 11 60 09 43 5d 34 0f 5c 42 
dd 03 10 60 09 43 5d 3e 0e 5b 42 4b 68 
dd 05 11 61 09 43 5d 45 0f 5c 42 
dd 08 10 60 09 43 5d 48 0e 5b 42 4b 71 
dd 0a 11 60 09 44 5d 45 0e 5b 42 
db 5b 4f 5f 19 44 5c 0a 4e 58 42 4a 3a 
db 56 4c 51 10 45 5c 01 4b 4e 43 4a 31 
db 50 4c 37 01 42 5c 01 4a 2d 43 
db 4a 4c 4d 10 40 5c 0c 4a 31 3f 4a 30 
80 b3 00 00 00 00 00 

88 13 50 60 0b 44 08 3b 4f 5b 42 76 6a 
dd 09 11 60 09 44 5d 31 0f 5c 41 4b 60 
dd 09 11 60 09 44 5d 30 0f 5c 41 4b 60 
dd 09 11 60 09 43 5d 30 0f 5c 41 
dd 09 10 60 09 43 5d 2f 0e 5b 42 4b 60 
dd 09 11 60 09 43 5d 2f 0f 5c 42 
dd 09 11 60 09 43 5d 2f 0e 5b 42 4b 60 
dd 08 11 60 09 43 5d 30 0f 5c 42 
dd 06 10 60 09 44 5d 32 0f 5b 42 4b 60 
dd 05 11 60 09 44 5d 37 0f 5c 42 
dd 04 10 60 09 44 5d 3e 0f 5b 42 4b 67 
dd 03 11 60 09 43 5d 46 0f 5c 42 
dd 03 11 60 09 44 5d 50 0f 5b 41 4b 71 
dd 02 11 61 09 44 5d 59 0f 5c 42 
dd 04 10 60 09 44 5d 65 0e 5b 41 4b 7e 
dd 06 11 61 09 44 5d 6d 0f 5c 42 
dd 06 11 61 09 44 5d 75 0f 5b 42 4c 06 
dd 07 11 61 09 44 5d 7c 0e 5c 41 
dd 08 10 60 09 44 5e 03 0e 5b 42 4c 0c 
dd 07 11 61 09 44 5e 09 0e 5c 41 
dd 0a 11 61 09 44 5e 0f 0e 5b 42 4c 0e 
dd 0a 11 61 09 44 5e 15 0f 5b 41 
dd 0b 11 60 09 44 5e 1b 0e 5a 42 4c 0c 
dd 0b 10 61 09 44 5e 22 0e 5b 41 
dd 0c 10 60 09 44 5e 29 0e 5a 41 4c 07 
dd 0d 11 61 09 44 5e 2e 0e 5b 42 
dd 0d 10 60 09 43 5e 33 0e 5a 42 4c 00 
dd 0c 11 60 09 43 5e 36 0e 5b 41 
dd 0e 10 60 09 44 5e 3b 0e 5a 42 4b 78 
dd 0e 11 60 09 43 5e 3d 0e 5a 42 
dd 10 10 60 09 43 5e 41 0e 5a 42 4b 6e 
dd 0f 10 60 09 44 5e 42 0e 5a 42 
dd 10 10 60 09 44 5e 44 0d 59 42 4b 60 
dd 10 10 60 09 44 5e 43 0e 5a 42 
dd 0f 0f 60 09 44 5e 44 0e 59 42 4b 52 
dd 11 10 60 09 44 5e 46 0e 59 42 
dd 0f 0f 60 09 44 5e 45 0e 58 42 4b 44 
dd 0f 10 60 09 43 5e 44 0e 59 42 
dd 0d 0f 60 08 44 5e 42 0e 58 42 4b 37 
dd 0d 10 60 01 44 5e 41 0d 58 42 
dd 0b 0e 60 08 44 5e 3e 0e 57 42 4b 2f 
dd 0b 10 60 09 44 5e 3e 0e 58 42 
dd 0a 0f 60 09 44 5e 3d 0e 56 42 4b 2a 
db 50 4e 5f 19 44 5d 03 4d 55 42 49 72 
db 4d 4e 5e 18 45 5d 04 4e 54 42 49 75 
db 4a 4c 5a 09 45 5d 08 4c 54 42 
db 4a 4b 4e 18 45 5d 10 4c 51 43 4a 03 
80 b3 00 00 00 00 00 

ca 3d 0f 60 0b 43 4b 74 0e 58 42 38 63 
dd 09 10 60 09 43 5e 40 0e 59 41 4b 2e 
dd 09 10 60 09 43 5e 40 0e 58 42 4b 2e 
dd 09 10 60 09 43 5e 3f 0e 59 42 
dd 0a 10 60 09 43 5e 41 0e 58 42 4b 2e 
dd 0c 10 60 09 43 5e 42 0e 59 42 
dd 0e 10 60 09 43 5e 44 0e 58 42 4b 29 
dd 10 10 60 09 43 5e 46 0e 58 41 
dd 11 10 60 09 44 5e 45 0d 57 42 4b 1d 
dd 12 10 60 09 44 5e 45 0e 58 42 
dd 11 10 60 09 44 5e 41 0d 57 42 4b 0c 
dd 0e 10 60 09 44 5e 3d 0e 58 42 
dd 11 0f 60 09 43 5e 3b 0d 56 42 4a 7e 
dd 0f 0f 60 09 44 5e 37 0e 57 42 
dd 12 0f 5f 09 44 5e 34 0d 56 42 4a 70 
dd 11 10 60 09 43 5e 2f 0e 57 42 
dd 0e 10 5f 09 44 5e 29 0d 57 42 4a 5f 
dd 0e 0f 5f 01 44 5e 25 0d 57 42 
dd 10 0f 5f 09 43 5e 21 0c 56 43 4a 55 
dd 0f 0f 5f 09 43 5e 1b 0d 57 42 
dd 10 0f 5f 09 43 5e 16 0d 56 42 4a 47 
dd 11 0f 5f 09 43 5e 0f 0e 56 42 
dd 13 0f 5f 09 43 5e 07 0d 55 42 4a 38 
dd 0f 0f 5f 09 43 5d 7c 0d 56 42 
dd 10 0f 5f 09 43 5d 75 0d 54 42 4a 28 
dd 0e 0f 5f 01 43 5d 6c 0c 55 42 
dd 0f 0f 5f 09 43 5d 66 0d 54 42 4a 1b 
dd 0c 10 5f 01 43 5d 5d 0d 55 43 
dd 0b 0f 5f 09 43 5d 59 0e 54 42 4a 12 
dd 0b 0f 5f 09 43 5d 55 0d 55 42 
dd 0d 0f 5f 01 43 5d 50 0d 55 42 4a 0d 
dd 0b 0f 5f 09 43 5d 49 0e 55 42 
dd 0c 0f 5f 09 43 5d 45 0d 54 42 4a 06 
dd 0c 0f 5f 09 43 5d 3f 0d 56 42 
dd 0b 0f 5f 09 43 5d 39 0d 55 41 49 7f 
dd 0b 0f 5f 09 43 5d 33 0d 56 42 
dd 0c 0f 5f 09 43 5d 2f 0e 55 41 49 7b 
dd 0b 0f 5f 09 43 5d 28 0d 56 42 
dd 0c 0f 5f 09 43 5d 24 0d 55 42 49 76 
dd 0b 0f 5f 09 43 5d 1f 0e 56 42 
dd 09 0f 5f 09 42 5d 1b 0d 56 42 49 70 
dd 07 0f 5f 09 43 5d 19 0e 57 42 
db 4e 4d 5e 18 44 5b 61 4e 56 42 48 3b 
db 48 4c 56 10 46 5b 64 4c 52 42 48 40 
db 45 4a 40 00 47 5b 6e 4b 47 44 
db 4a 4a 31 10 45 5b 7e 4a 3f 44 48 58 
80 b3 00 00 

cc 02 0e 5f 0b 43 4c 24 0d 55 42 38 7a 
dd 09 0f 5f 09 43 5d 2b 0e 55 42 4a 00 
dd 09 0f 5f 09 43 5d 2c 0e 54 42 4a 00 
dd 09 10 5f 09 43 5d 2b 0e 56 42 
dd 09 0f 5f 01 43 5d 2b 0d 55 42 49 7f 
dd 09 0f 5f 09 43 5d 2a 0d 56 42 
dd 0a 0f 5f 01 43 5d 2a 0c 55 42 49 7f 
dd 0b 0f 5f 09 43 5d 29 0e 56 41 
dd 0c 0f 5f 09 43 5d 25 0d 54 42 49 7b 
dd 0d 0f 5f 09 43 5d 20 0e 56 42 
dd 0e 0f 5e 09 43 5d 19 0d 55 42 49 73 
dd 0e 0f 5f 09 43 5d 12 0e 56 42 
dd 0c 0e 5f 09 44 5d 09 0d 55 42 49 69 
dd 0b 0e 5f 09 44 5d 03 0e 57 43 
dd 0c 0e 5f 09 44 5c 7e 0d 55 42 49 63 
dd 0a 0f 5f 09 44 5c 78 0d 56 42 
dd 0b 0f 5f 09 44 5c 74 0d 55 42 49 5e 
dd 0c 0f 5f 09 43 5c 6e 0e 56 42 
dd 0d 0e 5f 09 44 5c 69 0e 55 42 49 59 
dd 0c 0f 5f 09 44 5c 63 0e 56 41 
dd 0b 0f 5f 09 44 5c 5c 0d 56 42 49 52 
dd 0b 0f 5f 09 43 5c 56 0e 56 42 
dd 0b 0e 5f 09 43 5c 51 0d 55 42 49 4e 
dd 09 0f 5f 09 43 5c 4a 0e 56 42 
dd 09 0f 5f 09 44 5c 44 0d 56 42 49 4c 
dd 08 0f 5f 09 43 5c 3d 0e 56 42 
dd 08 0e 5f 09 44 5c 38 0e 56 42 49 4c 
dd 08 0f 5f 09 43 5c 32 0d 57 42 
dd 06 0e 5f 08 44 5c 2d 0e 56 42 49 4e 
dd 07 0f 5f 09 43 5c 2a 0e 57 42 
dd 05 0e 5f 09 44 5c 26 0e 56 42 49 52 
dd 05 0f 5f 09 44 5c 22 0e 57 42 
dd 05 0f 5f 09 43 5c 1f 0e 56 42 49 59 
dd 04 0f 5f 09 43 5c 1b 0e 57 42 
dd 04 0e 5f 08 43 5c 19 0e 57 42 49 61 
dd 03 0f 5f 09 43 5c 16 0f 58 41 
dd 03 0f 5f 09 43 5c 14 0d 57 42 49 6c 
dd 03 0f 5f 09 43 5c 12 0e 58 42 
dd 02 0f 5f 09 43 5c 10 0e 58 42 49 78 
dd 03 10 5f 09 43 5c 10 0e 59 42 
dd 05 10 5f 09 43 5c 11 0e 58 42 4a 04 
dd 04 10 5f 09 43 5c 11 0f 59 42 
dd 05 0f 5f 09 44 5c 13 0e 58 42 4a 0d 
dd 06 0f 5f 09 44 5c 14 0e 59 42 
dd 08 0f 5f 09 43 5c 15 0e 59 42 4a 14 
db 57 4e 5e 19 44 5a 61 4d 58 43 48 5e 
db 54 4b 50 10 46 5a 60 4a 45 45 48 59 
db 4b 4a 2d 00 46 5a 62 4a 2b 43 
db 47 4a 2c 10 41 5a 6c 4a 2f 40 48 5f 
80 b3 00 00 00 00 00 

