
b6 01 11 60 0b 46 36 28 10 60 42 26 1b 
db 52 51 61 19 46 5b 79 50 60 43 4b 6b 
dd 0a 11 61 09 46 5d 31 10 60 42 4d 21 
dd 0b 10 61 09 46 5d 33 10 60 43 4d 20 
dd 0e 11 61 09 46 5d 36 11 60 43 
dd 13 11 61 09 46 5d 39 10 60 42 4d 1a 
dd 18 10 61 09 46 5d 3b 10 60 42 
dd 19 10 61 09 46 5d 39 10 60 43 4d 01 
dd 1b 11 61 09 46 5d 38 10 60 42 
dd 1c 11 61 09 46 5d 38 10 5f 43 4c 5f 
dd 1f 10 61 09 46 5d 3b 10 5f 42 
dd 20 11 61 09 46 5d 3c 10 5f 42 4c 35 
dd 21 10 61 09 46 5d 3d 10 5f 42 
dd 22 0f 61 09 46 5d 3c 0f 5e 43 4c 06 
dd 23 11 61 09 46 5d 3e 0f 5f 42 
dd 24 11 61 09 45 5d 3f 0f 5e 42 4b 53 
dd 24 10 61 09 46 5d 3f 0f 5e 42 
dd 26 10 61 09 45 5d 41 0f 5d 43 4b 1c 
dd 25 0f 61 09 46 5d 3f 0e 5d 42 
dd 26 0f 60 09 46 5d 3f 0e 5b 42 4a 63 
dd 27 0f 61 09 45 5d 3e 0e 5b 42 
dd 25 0f 60 09 45 5d 3c 0e 59 42 4a 28 
dd 20 0f 61 09 45 5d 39 0e 59 42 
dd 20 0e 60 09 45 5d 3a 0e 57 42 49 75 
dd 1a 0f 60 09 45 5d 36 0e 57 42 
dd 15 0e 60 09 45 5d 33 0d 56 42 49 4d 
dd 0b 0e 60 01 46 5d 2c 0d 57 42 
db 49 4d 60 19 46 5b 6a 4d 57 42 48 09 
db 40 4c 60 18 47 5b 5d 4d 58 43 48 12 
db 3a 4c 5d 08 47 5b 54 4c 55 44 
db 30 4a 51 10 49 5b 4d 4a 46 45 48 3d 
80 b3 00 00 00 00 00 

ae 0e 51 61 1b 46 2e 2d 51 60 43 1e 34 
dd 0c 11 61 09 46 5d 28 11 60 42 4d 2e 
dd 0d 11 61 09 46 5d 27 11 60 42 4d 2a 
dd 0e 11 61 09 46 5d 28 11 60 42 
dd 14 11 61 09 46 5d 2f 10 60 42 4d 22 
dd 17 11 61 09 46 5d 32 10 60 42 
dd 19 10 61 
dd 1b 11 61 09 46 5d 37 10 60 42 
dd 1e 10 61 09 46 5d 38 10 5f 43 4c 66 
dd 1d 10 61 09 46 5d 35 10 5f 43 
dd 1e 11 61 09 46 5d 35 0f 5f 43 4c 3c 
dd 1e 10 61 09 46 5d 35 10 5f 42 
dd 1f 10 61 09 46 5d 37 0f 5e 42 4c 11 
dd 21 10 61 09 45 5d 38 0f 5e 43 
dd 21 10 61 09 46 5d 3a 10 5d 42 4b 63 
dd 24 10 61 09 45 5d 3c 0f 5d 42 
dd 28 0f 61 08 46 5d 3a 0e 5c 43 4b 2f 
dd 2a 0f 61 09 45 5d 38 0f 5c 43 
dd 2a 0f 61 09 45 5d 36 0e 5a 42 4a 6f 
dd 28 0f 61 09 45 5d 32 0f 5a 43 
dd 28 0f 60 01 46 5d 31 0d 58 43 4a 2f 
dd 26 0f 61 09 45 5d 2f 0e 58 42 
dd 23 0e 60 09 45 5d 2e 0d 56 42 49 73 
dd 1e 0e 60 09 45 5d 2b 0e 55 42 
dd 1c 0f 60 09 45 5d 29 0d 54 43 49 43 
dd 17 0f 60 09 45 5d 24 0d 54 43 
dd 11 0e 60 09 45 5d 1e 0d 53 43 49 22 
dd 0b 0f 60 09 45 5d 18 0c 54 43 
dd 07 0f 60 09 45 5d 15 0d 55 42 49 18 
db 42 4e 60 19 46 5b 54 4d 55 42 47 63 
db 3b 4d 60 11 46 5b 53 4c 56 43 47 74 
db 37 4b 5d 00 47 5b 53 4b 52 44 
db 35 4a 4f 10 47 5b 51 4a 42 45 48 28 
80 b3 00 00 00 00 00 00 

9c 38 10 5f 0b 45 1b 0c 11 60 43 0b 2f 
dd 08 10 60 09 45 5b 5a 10 5f 43 4b 7f 
dd 08 10 60 09 45 5b 5a 10 60 43 4b 7f 
dd 0a 10 60 09 45 5b 5f 11 60 43 
dd 0e 10 60 09 46 5b 66 11 5f 43 4b 7f 
dd 13 0f 60 09 45 5b 6f 11 5f 43 
dd 18 10 60 09 46 5b 76 10 5f 43 4b 6f 
dd 1c 10 60 09 45 5b 7b 10 5f 43 
dd 21 0f 60 09 46 5c 01 0f 5e 43 4b 4d 
dd 21 0f 60 09 46 5c 02 10 5e 43 
dd 22 0f 60 09 45 5c 02 0f 5d 43 4b 1d 
dd 20 0f 60 09 45 5c 01 10 5d 43 
dd 21 0e 60 09 45 5c 03 0f 5c 43 4a 6d 
dd 20 0f 60 09 45 5c 07 0f 5d 43 
dd 21 0e 60 09 45 5c 0b 0f 5c 43 4a 3e 
dd 22 0e 60 09 45 5c 0c 0f 5c 43 
dd 24 0e 60 08 45 5c 10 0f 5b 43 4a 0d 
dd 23 0f 60 09 45 5c 0f 10 5c 43 
dd 26 0e 60 09 46 5c 12 0f 5b 43 49 57 
dd 25 0d 60 08 46 5c 12 0f 5b 42 
dd 24 0e 5f 09 45 5c 11 0e 59 43 49 1d 
dd 23 0e 60 09 45 5c 11 0e 5a 43 
dd 20 0d 5f 08 46 5c 10 0e 58 43 48 68 
dd 1e 0d 60 08 45 5c 0f 0f 58 42 
dd 1b 0d 5f 09 45 5c 0e 0e 57 43 48 3c 
dd 17 0e 60 09 45 5c 0b 0e 58 43 
dd 0f 0d 5f 09 45 5c 04 0d 57 42 48 1c 
db 4c 4d 5f 19 45 5a 41 4e 57 43 46 60 
db 40 4b 5f 10 47 5a 37 4c 56 43 46 67 
db 38 4b 5b 00 47 5a 34 4b 4f 45 
db 30 4a 47 10 48 5a 34 4a 32 45 47 15 
80 b3 00 00 00 00 00 

d3 47 0f 5b 0b 44 50 46 10 5f 44 40 7f 
dd 0b 0f 5b 09 45 5a 07 11 5f 44 4a 41 
dd 0c 0f 5b 09 44 5a 07 10 5f 44 4a 3f 
dd 0d 0f 5c 09 45 5a 0c 10 5f 44 
dd 10 0e 5c 09 45 5a 16 11 5f 44 4a 38 
dd 16 0f 5d 09 44 5a 22 10 5f 44 
dd 1b 0e 5c 09 45 5a 2d 0f 5e 44 4a 24 
dd 20 0e 5d 08 45 5a 35 10 5f 44 
dd 22 0e 5c 09 45 5a 3b 10 5e 43 49 7b 
dd 1f 0e 5d 09 45 5a 3e 10 5e 43 
dd 20 0e 5d 09 45 5a 46 0f 5e 44 49 4c 
dd 20 0e 5d 09 45 5a 4d 0f 5e 44 
dd 1f 0d 5d 09 45 5a 55 0f 5d 44 49 1e 
dd 20 0e 5d 09 46 5a 5e 0f 5d 43 
dd 23 0d 5d 09 45 5a 67 0f 5c 43 48 71 
dd 22 0d 5d 08 45 5a 6c 0f 5d 43 
dd 24 0d 5d 08 45 5a 74 0e 5b 43 48 3d 
dd 24 0d 5d 09 45 5a 78 0e 5c 43 
dd 23 0c 5d 08 46 5a 7c 0e 5b 43 48 08 
dd 21 0c 5e 08 46 5a 7f 0e 5b 43 
dd 1d 0c 5d 08 46 5a 7f 0e 5a 43 47 56 
dd 18 0d 5e 09 45 5a 7c 0e 5a 43 
dd 10 0d 5d 09 45 5a 76 0e 59 43 47 33 
dd 08 0d 5e 09 45 5a 6f 0e 5a 42 
db 48 4c 5d 18 46 59 2d 4e 59 43 45 76 
db 41 4b 5c 18 46 59 27 4d 57 43 46 00 
db 3b 4c 5b 09 46 59 20 4c 50 45 
db 35 4a 56 10 48 59 19 4a 39 47 46 29 
80 b3 00 00 

a1 33 0d 48 0b 44 1c 23 0f 5f 44 0c 43 
dd 09 0c 49 09 44 57 78 0f 5f 44 48 19 
dd 0b 0c 49 09 44 57 7b 10 5f 44 48 19 
dd 0e 0d 4a 09 44 58 00 10 60 45 
dd 13 0c 49 09 44 58 0a 0f 5f 44 48 12 
dd 14 0c 4a 08 45 58 12 0f 5f 44 
dd 1a 0c 49 09 45 58 1e 0f 5f 44 47 7e 
dd 1d 0c 4a 09 44 58 28 0f 5f 44 
dd 20 0c 48 09 44 58 33 0e 5e 44 47 59 
dd 1e 0b 49 08 45 58 3a 0f 5e 44 
dd 20 0b 48 08 45 58 45 0f 5e 43 47 2d 
dd 1f 0c 49 09 45 58 4e 0f 5e 44 
dd 21 0b 49 08 45 58 59 0e 5d 44 47 00 
dd 20 0c 4a 08 45 58 61 0e 5d 44 
dd 21 0b 48 08 45 58 6b 0e 5c 44 46 51 
dd 24 0b 4a 08 45 58 74 0e 5c 44 
dd 22 0b 47 08 45 58 78 0d 5b 44 46 1d 
dd 21 0b 48 08 45 58 7c 0d 5b 44 
dd 20 0b 48 09 45 59 00 0d 5a 44 45 6c 
dd 1d 0a 48 08 45 59 01 0e 5b 43 
dd 17 0a 47 08 45 58 7e 0c 5a 43 45 41 
dd 10 0b 49 08 45 58 79 0d 5a 43 
dd 09 0a 49 00 45 58 72 0c 59 44 45 2c 
db 47 4b 4c 10 45 57 2a 4c 58 44 43 75 
db 3f 4b 4d 10 45 57 1f 4b 4e 45 44 01 
db 2e 49 46 08 47 57 18 4a 2a 47 
db 19 48 2c 10 49 57 19 49 2f 40 44 3a 
80 b3 00 00 00 00 00 

82 60 13 62 1b 45 05 73 0d 58 42 73 18 
dd 09 14 62 01 44 60 1a 0d 59 42 4d 41 
dd 0a 13 62 09 44 60 1b 0e 59 42 4d 41 
dd 0c 13 62 09 45 60 1d 0d 59 41 
dd 12 13 62 09 44 60 1f 0e 58 42 4d 3d 
dd 14 13 62 09 45 60 1e 0d 59 42 
dd 18 13 62 09 44 60 1d 0d 59 42 4d 28 
dd 1b 13 62 09 44 60 1a 0e 5a 42 
dd 1e 13 62 09 44 60 18 0d 59 42 4d 07 
dd 1e 13 62 09 44 60 14 0d 59 42 
dd 20 12 62 09 44 60 12 0d 58 42 4c 5c 
dd 21 13 62 09 44 60 0e 0d 59 42 
dd 25 12 62 01 44 60 0b 0c 58 42 4c 2c 
dd 26 12 62 01 44 60 06 0c 58 43 
dd 29 12 62 01 43 60 02 0c 57 42 4b 73 
dd 27 11 62 09 44 5f 7b 0d 58 42 
dd 26 11 61 01 44 5f 76 0c 57 43 4b 36 
dd 24 11 61 09 43 5f 73 0c 58 43 
dd 23 11 61 09 43 5f 6f 0c 57 43 4a 7d 
dd 21 11 61 01 43 5f 6b 0c 57 43 
dd 1d 11 61 01 44 5f 66 0b 56 42 4a 4c 
dd 19 11 61 01 43 5f 5f 0c 57 43 
dd 15 10 61 01 43 5f 59 0b 56 43 4a 28 
dd 10 10 61 09 43 5f 52 0c 56 42 
dd 0a 0f 61 08 44 5f 4d 0c 56 42 4a 14 
db 4a 50 61 11 43 5e 12 4b 55 43 48 5d 
db 3b 4e 60 11 44 5e 14 4b 52 43 48 66 
db 2e 4d 60 01 45 5e 21 4b 4f 43 
db 24 4b 55 10 47 5e 3a 4a 49 44 49 22 
80 b3 00 00 00 00 00 

8d 2e 51 62 0b 44 12 19 4d 53 42 7d 5e 
dd 0e 12 62 09 44 61 74 0c 53 42 4d 39 
dd 15 12 62 01 44 61 77 0c 54 42 4d 34 
dd 18 12 62 09 44 61 78 0d 54 42 
dd 1c 11 62 09 44 61 77 0c 53 42 4d 19 
dd 1f 12 62 09 43 61 74 0d 54 41 
dd 20 12 62 01 44 61 6d 0c 53 42 4c 70 
dd 24 12 62 09 43 61 68 0d 54 41 
dd 27 11 62 09 44 61 62 0d 53 41 4c 3d 
dd 29 12 62 01 44 61 5a 0c 54 42 
dd 2c 11 61 01 44 61 52 0c 53 42 4b 7f 
dd 2a 11 61 01 43 61 47 0c 53 42 
dd 2b 11 61 01 43 61 3e 0c 52 42 4b 3a 
dd 29 11 61 09 44 61 34 0c 53 42 
dd 2b 11 61 01 43 61 2c 0b 52 42 4a 78 
dd 26 10 61 01 43 61 21 0c 53 42 
dd 24 10 61 01 43 61 19 0b 52 42 4a 38 
dd 1d 0f 61 09 44 61 0e 0c 53 42 
dd 1a 10 61 01 43 61 07 0b 52 42 4a 09 
dd 13 10 61 01 43 61 00 0b 52 42 
dd 0e 0f 61 01 44 60 7d 0b 51 42 49 6e 
dd 09 10 61 09 43 60 79 0c 52 42 
db 45 50 61 11 44 5f 3d 4a 4f 43 48 32 
db 3f 4e 60 11 44 5f 44 4b 4f 42 48 3f 
db 3c 4e 60 09 44 5f 51 4b 4e 42 
db 36 4c 5f 10 46 5f 61 4b 4a 42 48 69 
80 b3 00 00 

b0 08 11 61 0b 45 36 19 0c 51 42 20 44 
dd 07 11 62 09 45 63 18 0c 51 42 4d 45 
dd 09 11 61 09 44 63 1a 0c 51 42 4d 46 
dd 0b 11 62 01 45 63 1c 0c 52 42 
dd 11 11 62 09 44 63 20 0d 51 42 4d 44 
dd 12 12 62 09 44 63 1d 0d 52 42 
dd 16 11 62 09 45 63 1d 0d 51 42 4d 33 
dd 1a 11 62 01 44 63 19 0c 52 42 
dd 1e 11 62 09 44 63 17 0c 50 42 4d 15 
dd 1e 11 62 09 43 63 10 0c 51 42 
dd 22 11 61 09 44 63 0e 0c 4f 42 4c 6a 
dd 21 11 62 09 44 63 07 0c 50 42 
dd 24 10 61 01 44 63 02 0c 4e 42 4c 39 
dd 26 10 61 09 44 62 7c 0c 4f 42 
dd 29 0f 61 09 44 62 77 0c 4d 42 4c 01 
dd 2a 10 61 01 44 62 6f 0c 4f 42 
dd 2c 0f 61 01 43 62 68 0c 4d 42 4b 3f 
dd 29 0f 61 09 43 62 5f 0c 4d 41 
dd 2a 0f 60 01 43 62 58 0b 4c 42 4a 7c 
dd 28 0f 61 01 44 62 4f 0b 4d 42 
dd 27 0f 60 01 43 62 47 0b 4c 42 4a 3c 
dd 25 0f 60 09 43 62 3e 0b 4d 41 
dd 22 0e 60 00 44 62 35 0b 4c 42 4a 01 
dd 1c 0f 60 01 43 62 2b 0b 4d 42 
dd 18 0f 60 01 44 62 24 0b 4c 42 49 54 
dd 11 0f 60 01 44 62 1d 0b 4d 42 
dd 10 0e 60 01 44 62 1b 0b 4d 42 49 3d 
dd 0c 0e 60 00 44 62 19 0b 4e 42 
db 56 4d 60 11 43 60 65 4b 4a 42 47 7c 
db 51 4b 5f 10 45 60 62 4a 46 42 47 78 
db 58 4a 5a 00 46 60 67 49 41 42 
db 5d 48 3b 10 48 60 6c 49 36 43 47 74 
80 b3 00 00 
