
8e 74 11 5a 1b 44 0d 17 0f 51 46 7f 0b 
dd 0b 10 5a 09 45 5b 2a 10 52 46 4d 1f 
dd 09 10 5b 09 45 5b 28 0f 52 46 4d 1c 
dd 09 11 5b 09 44 5b 28 10 54 46 
dd 09 11 5b 09 44 5b 2b 10 53 46 4d 1d 
dd 08 11 5c 09 44 5b 30 10 53 46 
dd 05 11 5b 09 45 5b 37 0f 52 46 4d 1f 
dc 7f 11 5c 09 44 5b 41 10 54 45 
dc 79 11 5c 09 45 5b 54 0f 53 45 4d 2d 
dc 76 12 5d 09 44 5b 6d 10 54 45 
dc 77 11 5d 09 44 5c 0c 10 54 46 4d 50 
dc 79 12 5e 09 45 5c 2b 10 54 46 
dc 7c 11 5e 09 45 5c 48 10 53 46 4d 71 
dc 7b 12 5e 09 45 5c 65 0f 54 46 
dc 7a 12 5e 09 45 5d 06 0f 55 46 4e 0d 
dc 76 12 5f 09 45 5d 28 0f 58 46 
dc 75 12 5f 09 45 5d 50 0e 57 46 4e 2f 
dc 76 13 5f 09 45 5d 78 0f 59 45 
dc 78 12 5f 09 45 5e 1e 0f 59 45 4e 56 
dc 7b 12 5f 09 45 5e 41 10 5a 45 
dc 7d 12 5f 09 45 5e 60 0f 5a 45 4e 74 
dc 7f 12 5f 09 45 5e 7b 10 5b 44 
dd 01 12 5f 09 45 5f 12 10 5a 44 4f 0a 
dd 04 13 5f 09 45 5f 25 10 5b 44 
dd 07 12 5f 09 45 5f 32 0f 5a 44 4f 16 
dd 07 13 5f 09 46 5f 39 10 5a 44 
dd 0a 12 5f 09 45 5f 3e 0f 59 44 4f 1a 
db 53 52 5f 19 45 5e 0c 4f 59 44 4d 62 
db 57 50 5c 19 46 5e 0c 4f 57 45 4d 62 
db 5e 4e 51 09 46 5e 02 4d 4e 46 
db 69 4d 39 19 47 5d 6e 4c 3b 47 4d 53 
80 b3 00 00 00 00 00 

ae 6d 10 5c 0b 44 2d 0d 10 51 45 1e 0c 
dd 0a 11 5c 09 43 5b 29 10 51 45 4c 27 
dd 08 11 5c 09 43 5b 2a 10 52 45 4c 26 
dd 07 11 5c 09 44 5b 2e 11 52 45 
dd 05 10 5c 09 44 5b 35 0f 51 45 4c 2a 
dd 00 11 5d 09 44 5b 3e 10 52 45 
dc 7e 11 5d 09 44 5b 4d 0f 51 45 4c 38 
dc 7d 11 5e 09 43 5b 60 10 52 45 
dc 7a 11 5d 09 44 5b 77 10 52 45 4c 4f 
dc 78 11 5e 09 44 5c 12 0f 54 45 
dc 77 11 5e 09 44 5c 32 0f 53 45 4c 6f 
dc 76 11 5e 09 44 5c 53 10 56 45 
dc 77 10 5e 09 44 5c 75 0f 56 45 4d 14 
dc 79 11 5e 09 44 5d 17 10 57 45 
dc 78 11 5e 09 44 5d 38 0f 56 45 4d 36 
dc 77 11 5f 09 45 5d 5b 0f 58 45 
dc 79 10 5e 09 45 5e 00 0f 57 45 4d 59 
dc 7a 11 5f 09 45 5e 21 10 59 45 
dc 7d 11 5e 09 45 5e 42 0f 58 44 4d 78 
dc 7d 11 5f 09 45 5e 5e 0f 58 44 
dc 7e 12 5e 09 45 5e 7a 0f 56 44 4e 10 
dc 7e 12 5f 09 45 5f 15 0f 57 44 
dd 03 11 5f 09 45 5f 2b 0f 56 44 4e 25 
dd 08 12 5f 09 45 5f 36 0f 57 43 
db 5b 50 5e 19 45 5d 7b 4e 56 44 4c 76 
db 68 4e 56 11 46 5d 67 4d 52 45 4c 6d 
db 6d 4d 39 09 46 5d 4a 4b 40 47 
db 6f 4c 2d 19 44 5d 30 4a 24 48 4c 3e 
80 b3 00 00 

87 00 4e 59 0b 44 05 4a 4f 49 44 74 5d 
dd 0b 0f 59 09 44 5b 51 0f 48 44 4a 66 
dd 09 0f 59 09 44 5b 4f 0f 4a 44 4a 63 
dd 07 0f 59 09 44 5b 52 0f 4b 44 
dd 04 0e 59 09 44 5b 59 0e 4a 44 4a 66 
dd 02 0f 5a 09 44 5b 63 0e 4a 44 
dd 01 0e 59 09 44 5b 71 0e 49 44 4a 72 
dc 7e 0f 5a 09 45 5c 00 0f 4a 44 
dc 7d 0f 5a 09 44 5c 15 0e 49 45 4b 05 
dc 7a 0f 5b 09 44 5c 2b 0e 4a 45 
dc 7a 0f 5b 09 44 5c 48 0e 4a 44 4b 20 
dc 77 10 5c 09 45 5c 64 0e 4c 44 
dc 78 0e 5c 08 45 5d 04 0e 4c 44 4b 41 
dc 79 0f 5d 09 44 5d 23 0e 4e 44 
dc 78 0f 5d 09 44 5d 43 0e 4d 44 4b 63 
dc 79 0f 5d 01 45 5d 63 0d 4e 45 
dc 7c 10 5d 09 45 5e 05 0e 4d 44 4c 04 
dc 7c 10 5d 09 45 5e 21 0d 4e 45 
dc 7e 10 5d 09 44 5e 3d 0d 4e 45 4c 1e 
dd 00 10 5e 09 44 5e 57 0d 50 45 
dd 03 10 5d 01 44 5e 6d 0d 4e 45 4c 32 
dd 04 10 5e 09 44 5e 7f 0d 4f 45 
dd 05 10 5e 09 44 5f 0d 0c 4e 45 4c 3c 
dd 06 11 5e 09 44 5f 17 0d 4e 45 
dd 07 10 5e 09 44 5f 1e 0d 4d 44 4c 43 
dd 09 10 5e 09 44 5f 1e 0d 4d 44 
db 5a 50 5d 19 45 5d 5e 4d 4d 45 4b 0e 
db 64 4f 5a 19 45 5d 4b 4d 4d 45 4b 06 
db 65 4d 55 09 46 5d 30 4c 4b 45 
db 69 4c 4c 18 46 5d 19 4c 47 45 4a 63 
80 b3 00 00 

d7 3d 0d 57 0b 44 56 3a 0d 44 44 44 13 
dd 0b 0e 58 09 44 5c 06 0d 42 44 49 5f 
dd 09 0e 58 09 44 5c 05 0d 44 44 49 5e 
dd 08 0d 59 08 44 5c 07 0e 45 43 
dd 07 0d 58 09 45 5c 0a 0d 43 44 49 5f 
dd 07 0e 59 09 44 5c 0d 0d 44 44 
dd 06 0e 58 09 44 5c 10 0d 43 44 49 63 
dd 03 0e 59 09 45 5c 14 0e 44 44 
dd 02 0e 58 09 44 5c 1d 0d 42 44 49 6c 
dc 7d 0e 5a 09 44 5c 29 0e 44 44 
dc 7b 0e 59 09 44 5c 3b 0d 43 44 49 7f 
dc 79 0e 5a 09 44 5c 50 0d 46 45 
dc 7a 0e 59 09 44 5c 69 0d 45 45 4a 1c 
dc 78 0e 5b 09 45 5d 03 0d 46 45 
dc 7a 0e 5b 09 44 5d 20 0c 44 45 4a 3c 
dc 78 0f 5c 09 45 5d 3d 0c 44 45 
dc 7b 0f 5b 09 45 5d 5e 0c 45 45 4a 5c 
dc 7d 0f 5c 09 44 5d 7d 0d 47 45 
dc 7e 0f 5b 09 44 5e 19 0c 46 45 4a 76 
dc 7f 0f 5c 09 45 5e 33 0c 48 45 
dd 02 0f 5b 09 44 5e 4c 0c 47 45 4b 0a 
dd 02 0f 5c 09 44 5e 60 0c 49 45 
dd 04 0f 5b 09 44 5e 74 0c 48 45 4b 18 
dd 03 10 5c 09 44 5f 04 0c 49 45 
dd 03 10 5c 09 44 5f 11 0c 48 44 4b 22 
dd 03 10 5c 09 44 5f 1b 0c 49 46 
dd 07 0f 5c 01 44 5f 23 0b 48 46 4b 2d 
db 56 4f 5b 19 44 5d 6b 4c 48 45 49 78 
db 5e 4d 57 11 45 5d 5f 4b 44 45 49 75 
db 66 4b 4d 00 46 5d 4d 4b 43 45 
db 6d 4a 3e 18 47 5d 38 4b 3e 45 49 56 
80 b3 00 00 00 00 00 

c4 10 0d 55 0b 45 43 1f 0c 3b 44 2f 29 
dd 0e 0d 55 01 44 5c 15 0b 39 44 48 21 
db 55 4c 55 18 45 5a 5a 4c 3b 44 46 66 
db 54 4d 55 11 44 5a 56 4b 3b 45 46 63 
dd 09 0c 56 09 44 5c 0d 0b 3b 44 48 18 
dd 09 0c 55 08 45 5c 0f 0c 3b 44 48 19 
dd 09 0d 57 09 44 5c 12 0c 3b 44 
dd 09 0d 56 09 44 5c 16 0c 3b 44 48 19 
dd 04 0d 57 09 45 5c 1a 0c 3b 44 
dd 02 0c 56 08 45 5c 23 0c 3a 45 48 1e 
dd 01 0d 57 09 44 5c 2e 0c 3c 45 
dc 7f 0c 56 09 45 5c 3d 0c 39 44 48 2d 
dc 7f 0d 57 08 45 5c 4c 0c 3c 44 
dd 00 0d 54 09 44 5c 5d 0c 3c 44 48 41 
dc 7d 0e 56 01 44 5c 6e 0c 3e 45 
dc 7e 0d 55 09 44 5d 04 0b 3a 44 48 56 
dc 7d 0e 58 09 44 5d 17 0b 3c 44 
dc 7c 0e 58 09 44 5d 2f 0c 3a 45 48 6c 
dc 7c 0d 59 09 45 5d 48 0c 3c 45 
dd 00 0e 59 01 44 5d 62 0a 3a 45 49 07 
dd 00 0e 5a 09 44 5d 77 0b 3c 45 
dd 01 0e 58 01 44 5e 0d 0a 3d 45 49 18 
dc 7f 0e 58 09 44 5e 20 0b 40 45 
dd 02 0e 56 09 44 5e 35 0b 40 46 49 29 
dd 02 0d 57 00 44 5e 46 0b 41 45 
dd 05 0d 57 09 44 5e 57 0b 42 45 49 38 
dd 07 0e 57 01 44 5e 61 0b 43 45 
dd 08 0e 57 01 44 5e 68 0b 41 45 49 3d 
db 51 4c 56 10 45 5d 33 4a 41 46 48 08 
db 54 4c 53 10 44 5d 30 4a 3e 46 48 09 
db 5a 4b 4e 00 45 5d 29 4a 3b 45 
db 61 4a 46 10 46 5d 21 4a 3a 45 48 00 
80 b3 00 00 00 00 00 00 

8c 48 0c 51 12 45 0b 45 0a 33 44 75 74 
dd 0e 0b 50 08 45 5c 08 0b 33 44 46 35 
dd 0b 0c 50 01 44 5c 07 0b 33 44 46 30 
dd 0a 0c 51 09 44 5c 0b 0b 34 44 
dd 07 0b 50 08 44 5c 12 0b 34 43 46 2d 
dd 04 0c 52 08 44 5c 19 0b 35 44 
dd 04 0c 52 01 45 5c 25 0a 33 44 46 33 
dd 03 0d 53 01 44 5c 31 0a 36 44 
dd 01 0d 52 01 44 5c 3f 0a 33 45 46 3e 
dc 7f 0c 53 01 44 5c 50 0b 36 44 
dc 7f 0c 52 01 44 5c 63 0a 35 44 46 50 
dc 7d 0c 53 00 44 5c 76 0b 35 44 
dc 7c 0c 51 00 44 5d 0b 0a 34 45 46 66 
dc 7c 0d 52 09 44 5d 22 0b 36 44 
dc 7e 0b 52 08 45 5d 39 0b 35 45 47 00 
dc 7f 0c 53 00 44 5d 4f 0a 37 45 
dd 01 0c 52 00 44 5d 65 0a 37 45 47 15 
dd 02 0d 54 01 44 5d 79 0a 38 45 
dd 04 0c 53 00 44 5e 0a 0a 37 45 47 23 
dd 06 0d 55 01 44 5e 18 0a 3a 45 
dd 07 0d 53 09 43 5e 24 0a 39 45 47 2b 
dd 06 0d 54 01 44 5e 2b 0a 3b 45 
dd 08 0d 54 09 43 5e 31 0b 3a 45 47 30 
db 4f 4c 54 10 44 5c 7a 4a 39 45 45 7b 
db 53 4c 54 10 44 5c 79 4a 38 45 45 7e 
db 59 4c 51 01 45 5c 71 49 35 46 
db 60 4a 48 10 46 5c 67 4a 31 46 45 77 
80 b3 00 00 00 00 00 

85 66 0b 4b 12 44 04 4f 0a 2d 44 6d 36 
dd 0a 0b 4b 01 44 5b 73 0a 2c 44 44 59 
dd 09 0b 4b 08 44 5b 74 0a 2d 44 44 57 
dd 06 0b 4c 00 44 5b 77 0a 2f 44 
dd 06 0b 4b 00 44 5b 7f 09 2e 44 44 5b 
dd 04 0b 4d 00 45 5c 07 0a 2d 44 
dd 04 0b 4c 00 45 5c 12 0a 2d 44 44 63 
dd 00 0b 4d 00 45 5c 1d 0a 2d 43 
dc 7f 0b 4c 00 45 5c 2b 0a 2d 44 44 71 
dc 7c 0b 4c 00 45 5c 3a 0a 2f 44 
dc 7a 0b 4d 00 44 5c 4d 0a 2e 44 45 08 
dc 7a 0b 4e 00 44 5c 63 0a 2e 44 
dc 7c 0b 4e 00 44 5c 7a 0a 30 45 45 26 
dc 7a 0c 4e 01 44 5d 0f 09 2e 44 
dc 79 0c 4d 01 44 5d 26 09 30 45 45 41 
dc 79 0b 4f 00 44 5d 3f 09 32 44 
dc 7b 0c 4e 00 44 5d 5a 09 32 45 45 61 
dc 7e 0b 50 00 44 5d 73 0a 33 45 
dd 00 0b 4e 00 44 5e 0a 0a 32 44 45 7b 
dd 00 0c 4f 01 44 5e 1d 0a 35 45 
dd 01 0b 4f 00 45 5e 30 0a 34 45 46 0c 
dd 06 0c 50 01 43 5e 40 09 35 45 
dd 05 0c 50 01 44 5e 49 09 36 45 46 17 
dd 07 0c 51 01 44 5e 51 0a 37 45 
db 54 4b 50 10 44 5d 1d 4a 35 46 44 67 
db 5d 4c 4f 19 44 5d 1d 4a 34 45 44 65 
db 61 4b 4e 00 44 5d 11 4a 35 45 
db 68 4b 4d 10 44 5d 03 49 31 45 44 4c 
80 b3 00 00 

be 3d 49 49 12 44 3d 5c 49 2b 44 24 5d 
dd 0a 0a 49 00 44 5c 27 09 2b 44 43 28 
dd 09 0a 49 00 44 5c 27 09 2a 43 43 27 
db 53 4a 48 10 44 5a 70 49 29 44 41 70 
dd 09 0a 49 00 44 5c 26 09 28 44 43 26 
dd 09 0a 49 00 44 5c 26 09 29 44 43 25 
dd 08 0a 49 00 45 5c 26 09 28 44 
dd 09 0b 48 00 44 5c 28 09 29 44 43 27 
dd 06 0a 49 00 44 5c 2a 0a 2b 45 
dd 03 09 49 00 45 5c 2f 09 29 44 43 2a 
dd 01 0b 4a 01 44 5c 35 09 27 44 
dc 7f 0b 4a 00 44 5c 3f 09 29 45 43 37 
dc 7d 0b 4c 00 44 5c 4a 09 2b 45 
dc 7f 0a 4b 00 44 5c 59 09 2c 45 43 4d 
dc 7f 0b 4c 01 44 5c 67 09 2d 45 
dd 00 0b 4b 01 44 5c 77 09 2f 45 43 61 
dc 7e 0b 4c 00 44 5d 07 0a 2f 44 
dd 00 0a 4b 00 44 5d 19 09 2e 45 43 75 
dc 7e 0b 4b 00 44 5d 2a 09 30 44 
dd 00 0b 4a 00 44 5d 3d 0a 2f 45 44 09 
dd 01 0b 4a 00 44 5d 50 09 2e 45 
dd 03 0b 4a 00 44 5d 62 09 2e 44 44 1a 
dd 03 0b 4c 00 44 5d 70 09 2f 45 
dd 04 0c 4b 01 43 5d 7f 09 30 45 44 26 
dd 02 0b 4d 00 44 5e 0b 09 30 45 
dd 04 0b 4c 00 44 5e 18 09 2f 45 44 31 
dd 06 0c 4d 01 44 5e 23 09 31 45 
dd 06 0b 4d 00 44 5e 2a 09 31 44 44 39 
dd 08 0b 4d 00 44 5e 2d 09 32 45 
db 58 4b 4c 10 44 5c 78 49 30 45 43 06 
db 5b 4a 46 10 44 5c 71 49 2b 45 43 00 
db 5b 49 39 00 46 5c 69 49 29 46 
db 5d 47 1f 10 46 5c 6c 48 22 44 42 6f 
80 b3 00 00 00 
